生成启动时间为 2017/11/16 3:32:59。
     1>项目“C:\Users\WEI\Documents\Visual Studio 2012\Projects\24780project\24780project\24780project.vcxproj”在节点 2 上(Build 个目标)。
     1>ClCompile:
         C:\Program Files (x86)\Microsoft Visual Studio 11.0\VC\bin\CL.exe /c /ZI /nologo /W3 /WX- /Od /Oy- /D WIN32 /D _DEBUG /D _CONSOLE /D _UNICODE /D UNICODE /Gm /EHsc /RTC1 /MDd /GS /fp:precise /Zc:wchar_t /Zc:forScope /Fo"Debug\\" /Fd"Debug\vc110.pdb" /Gd /TP /analyze- /errorReport:prompt bubble.cpp main.cpp map.cpp player.cpp
         bubble.cpp
         正在生成代码...
         正在编译...
         player.cpp
         map.cpp
         main.cpp
     1>c:\users\wei\documents\visual studio 2012\projects\24780project\24780project\main.cpp(215): warning C4805: “==”: 在操作中将类型“int”与类型“bool”混合不安全
         正在生成代码...
       Link:
         C:\Program Files (x86)\Microsoft Visual Studio 11.0\VC\bin\link.exe /ERRORREPORT:PROMPT /OUT:"C:\Users\WEI\Documents\Visual Studio 2012\Projects\24780project\Debug\24780project.exe" /INCREMENTAL /NOLOGO kernel32.lib user32.lib gdi32.lib winspool.lib comdlg32.lib advapi32.lib shell32.lib ole32.lib oleaut32.lib uuid.lib odbc32.lib odbccp32.lib /MANIFEST /MANIFESTUAC:"level='asInvoker' uiAccess='false'" /manifest:embed /DEBUG /PDB:"C:\Users\WEI\Documents\Visual Studio 2012\Projects\24780project\Debug\24780project.pdb" /SUBSYSTEM:CONSOLE /TLBID:1 /DYNAMICBASE /NXCOMPAT /IMPLIB:"C:\Users\WEI\Documents\Visual Studio 2012\Projects\24780project\Debug\24780project.lib" /MACHINE:X86 Debug\bubble.obj
         Debug\fssimplewindow.obj
         Debug\main.obj
         Debug\map.obj
         Debug\player.obj
         24780project.vcxproj -> C:\Users\WEI\Documents\Visual Studio 2012\Projects\24780project\Debug\24780project.exe
     1>已完成生成项目“C:\Users\WEI\Documents\Visual Studio 2012\Projects\24780project\24780project\24780project.vcxproj”(Build 个目标)的操作。

生成成功。

已用时间 00:00:03.66
